-------------------------------------------------------------------------------
Test set: com.hcl.test.MyFirstVerticleTest
-------------------------------------------------------------------------------
Tests run: 1, Failures: 1, Errors: 0, Skipped: 0, Time elapsed: 6.686 sec <<< FAILURE!
testMyApplication(com.hcl.test.MyFirstVerticleTest)  Time elapsed: 6.471 sec  <<< FAILURE!
java.lang.AssertionError: Expected true
	at io.vertx.ext.unit.impl.TestContextImpl.reportAssertionError(TestContextImpl.java:467)
	at io.vertx.ext.unit.impl.TestContextImpl.assertTrue(TestContextImpl.java:307)
	at io.vertx.ext.unit.impl.TestContextImpl.assertTrue(TestContextImpl.java:313)
	at com.hcl.test.MyFirstVerticleTest.lambda$1(MyFirstVerticleTest.java:45)
	at io.vertx.core.http.impl.HttpClientResponseImpl.handleChunk(HttpClientResponseImpl.java:233)
	at io.vertx.core.http.impl.Http1xClientConnection.handleResponseChunk(Http1xClientConnection.java:447)
	at io.vertx.core.http.impl.Http1xClientHandler.handleMessage(Http1xClientHandler.java:112)
	at io.vertx.core.http.impl.Http1xClientHandler.handleMessage(Http1xClientHandler.java:32)
	at io.vertx.core.net.impl.VertxHandler.lambda$channelRead$1(VertxHandler.java:146)
	at io.vertx.core.impl.ContextImpl.lambda$wrapTask$2(ContextImpl.java:337)
	at io.vertx.core.impl.ContextImpl.executeFromIO(ContextImpl.java:195)
	at io.vertx.core.net.impl.VertxHandler.channelRead(VertxHandler.java:144)
	at io.netty.channel.AbstractChannelHandlerContext.invokeChannelRead(AbstractChannelHandlerContext.java:362)
	at io.netty.channel.AbstractChannelHandlerContext.invokeChannelRead(AbstractChannelHandlerContext.java:348)
	at io.netty.channel.AbstractChannelHandlerContext.fireChannelRead(AbstractChannelHandlerContext.java:340)
	at io.netty.channel.CombinedChannelDuplexHandler$DelegatingChannelHandlerContext.fireChannelRead(CombinedChannelDuplexHandler.java:438)
	at io.netty.handler.codec.ByteToMessageDecoder.fireChannelRead(ByteToMessageDecoder.java:310)
	at io.netty.handler.codec.ByteToMessageDecoder.channelRead(ByteToMessageDecoder.java:284)
	at io.netty.channel.CombinedChannelDuplexHandler.channelRead(CombinedChannelDuplexHandler.java:253)
	at io.netty.channel.AbstractChannelHandlerContext.invokeChannelRead(AbstractChannelHandlerContext.java:362)
	at io.netty.channel.AbstractChannelHandlerContext.invokeChannelRead(AbstractChannelHandlerContext.java:348)
	at io.netty.channel.AbstractChannelHandlerContext.fireChannelRead(AbstractChannelHandlerContext.java:340)
	at io.netty.channel.DefaultChannelPipeline$HeadContext.channelRead(DefaultChannelPipeline.java:1359)
	at io.netty.channel.AbstractChannelHandlerContext.invokeChannelRead(AbstractChannelHandlerContext.java:362)
	at io.netty.channel.AbstractChannelHandlerContext.invokeChannelRead(AbstractChannelHandlerContext.java:348)
	at io.netty.channel.DefaultChannelPipeline.fireChannelRead(DefaultChannelPipeline.java:935)
	at io.netty.channel.nio.AbstractNioByteChannel$NioByteUnsafe.read(AbstractNioByteChannel.java:141)
	at io.netty.channel.nio.NioEventLoop.processSelectedKey(NioEventLoop.java:645)
	at io.netty.channel.nio.NioEventLoop.processSelectedKeysOptimized(NioEventLoop.java:580)
	at io.netty.channel.nio.NioEventLoop.processSelectedKeys(NioEventLoop.java:497)
	at io.netty.channel.nio.NioEventLoop.run(NioEventLoop.java:459)
	at io.netty.util.concurrent.SingleThreadEventExecutor$5.run(SingleThreadEventExecutor.java:886)
	at io.netty.util.concurrent.FastThreadLocalRunnable.run(FastThreadLocalRunnable.java:30)
	at java.lang.Thread.run(Thread.java:748)

