<?xml version="1.0" encoding="UTF-8" ?>
<testsuite tests="1" failures="1" name="com.hcl.test.MyFirstVerticleTest" time="6.471" errors="0" skipped="0">
  <properties>
[...]
</properties>
  <testcase classname="com.hcl.test.MyFirstVerticleTest" name="testMyApplication" time="6.471">
    <failure message="Expected true" type="java.lang.AssertionError">java.lang.AssertionError: Expected true
	at io.vertx.ext.unit.impl.TestContextImpl.reportAssertionError(TestContextImpl.java:467)
	at io.vertx.ext.unit.impl.TestContextImpl.assertTrue(TestContextImpl.java:307)
	at io.vertx.ext.unit.impl.TestContextImpl.assertTrue(TestContextImpl.java:313)
	at com.hcl.test.MyFirstVerticleTest.lambda$1(MyFirstVerticleTest.java:45)
	at io.vertx.core.http.impl.HttpClientResponseImpl.handleChunk(HttpClientResponseImpl.java:233)
	at io.vertx.core.http.impl.Http1xClientConnection.handleResponseChunk(Http1xClientConnection.java:447)
	at io.vertx.core.http.impl.Http1xClientHandler.handleMessage(Http1xClientHandler.java:112)
	at io.vertx.core.http.impl.Http1xClientHandler.handleMessage(Http1xClientHandler.java:32)
	at io.vertx.core.net.impl.VertxHandler.lambda$channelRead$1(VertxHandler.java:146)
	at io.vertx.core.impl.ContextImpl.lambda$wrapTask$2(ContextImpl.java:337)
	at io.vertx.core.impl.ContextImpl.executeFromIO(ContextImpl.java:195)
	at io.vertx.core.net.impl.VertxHandler.channelRead(VertxHandler.java:144)
	at io.netty.channel.AbstractChannelHandlerContext.invokeChannelRead(AbstractChannelHandlerContext.java:362)
	at io.netty.channel.AbstractChannelHandlerContext.invokeChannelRead(AbstractChannelHandlerContext.java:348)
	at io.netty.channel.AbstractChannelHandlerContext.fireChannelRead(AbstractChannelHandlerContext.java:340)
	at io.netty.channel.CombinedChannelDuplexHandler$DelegatingChannelHandlerContext.fireChannelRead(CombinedChannelDuplexHandler.java:438)
	at io.netty.handler.codec.ByteToMessageDecoder.fireChannelRead(ByteToMessageDecoder.java:310)
	at io.netty.handler.codec.ByteToMessageDecoder.channelRead(ByteToMessageDecoder.java:284)
	at io.netty.channel.CombinedChannelDuplexHandler.channelRead(CombinedChannelDuplexHandler.java:253)
	at io.netty.channel.AbstractChannelHandlerContext.invokeChannelRead(AbstractChannelHandlerContext.java:362)
	at io.netty.channel.AbstractChannelHandlerContext.invokeChannelRead(AbstractChannelHandlerContext.java:348)
	at io.netty.channel.AbstractChannelHandlerContext.fireChannelRead(AbstractChannelHandlerContext.java:340)
	at io.netty.channel.DefaultChannelPipeline$HeadContext.channelRead(DefaultChannelPipeline.java:1359)
	at io.netty.channel.AbstractChannelHandlerContext.invokeChannelRead(AbstractChannelHandlerContext.java:362)
	at io.netty.channel.AbstractChannelHandlerContext.invokeChannelRead(AbstractChannelHandlerContext.java:348)
	at io.netty.channel.DefaultChannelPipeline.fireChannelRead(DefaultChannelPipeline.java:935)
	at io.netty.channel.nio.AbstractNioByteChannel$NioByteUnsafe.read(AbstractNioByteChannel.java:141)
	at io.netty.channel.nio.NioEventLoop.processSelectedKey(NioEventLoop.java:645)
	at io.netty.channel.nio.NioEventLoop.processSelectedKeysOptimized(NioEventLoop.java:580)
	at io.netty.channel.nio.NioEventLoop.processSelectedKeys(NioEventLoop.java:497)
	at io.netty.channel.nio.NioEventLoop.run(NioEventLoop.java:459)
	at io.netty.util.concurrent.SingleThreadEventExecutor$5.run(SingleThreadEventExecutor.java:886)
	at io.netty.util.concurrent.FastThreadLocalRunnable.run(FastThreadLocalRunnable.java:30)
	at java.lang.Thread.run(Thread.java:748)
</failure>
    <system-err>May 06, 2021 7:58:52 PM io.vertx.core.impl.BlockedThreadChecker
WARNING: Thread Thread[vert.x-eventloop-thread-0,5,main] has been blocked for 2217 ms, time limit is 2000
May 06, 2021 7:58:53 PM io.vertx.core.impl.BlockedThreadChecker
WARNING: Thread Thread[vert.x-eventloop-thread-0,5,main] has been blocked for 3219 ms, time limit is 2000
May 06, 2021 7:58:54 PM io.vertx.core.http.impl.HttpClientResponseImpl
SEVERE: java.lang.AssertionError: Expected true
</system-err>
  </testcase>
</testsuite>